debug 2024/04/17 18:35:03 on View. initial screen state
debug 2024/04/17 18:35:03 on View. initial screen state
debug 2024/04/17 18:35:04 Initial Screen. [S] pressed.
debug 2024/04/17 18:35:04 on View. running screen state
debug 2024/04/17 18:35:05 on View. running screen state
debug 2024/04/17 18:35:06 on View. running screen state
debug 2024/04/17 18:35:08 Paused Screen. [S] pressed.
debug 2024/04/17 18:36:58 on View. initial screen state
debug 2024/04/17 18:36:58 on View. initial screen state
debug 2024/04/17 18:36:59 Initial Screen. [S] pressed.
debug 2024/04/17 18:36:59 on View. running screen state
debug 2024/04/17 18:37:00 on View. running screen state
debug 2024/04/17 18:37:01 on View. running screen state
debug 2024/04/17 18:37:02 Stopped Screen. [S] pressed.
debug 2024/04/17 18:37:18 on View. initial screen state
debug 2024/04/17 18:37:18 on View. initial screen state
debug 2024/04/17 18:37:20 Initial Screen. [S] pressed.
debug 2024/04/17 18:37:20 on View. running screen state
debug 2024/04/17 18:37:21 on View. running screen state
debug 2024/04/17 18:37:22 on View. running screen state
debug 2024/04/17 18:37:24 Stopped Screen. [S] pressed.
debug 2024/04/17 18:37:28 Stopped Screen. [S] pressed.
debug 2024/04/17 18:37:32 Stopped Screen. [S] pressed.
debug 2024/04/17 18:38:53 on View. initial screen state
debug 2024/04/17 18:38:53 on View. initial screen state
debug 2024/04/17 18:38:54 Initial Screen. [S] pressed.
debug 2024/04/17 18:38:54 on View. running screen state
debug 2024/04/17 18:38:55 on View. running screen state
debug 2024/04/17 18:38:56 on View. running screen state
debug 2024/04/17 18:38:58 Stopped Screen. [S] pressed.
debug 2024/04/17 18:39:01 Stopped Screen. [S] pressed.
debug 2024/04/17 18:39:56 on View. initial screen state
debug 2024/04/17 18:39:56 on View. initial screen state
debug 2024/04/17 18:39:58 Initial Screen. [S] pressed.
debug 2024/04/17 18:39:58 on View. running screen state
debug 2024/04/17 18:39:59 on View. running screen state
debug 2024/04/17 18:40:00 on View. running screen state
debug 2024/04/17 18:40:03 Stopped Screen. [S] pressed.
debug 2024/04/17 18:40:09 Stopped Screen. [S] pressed.
debug 2024/04/17 18:47:12 on View. initial screen state
debug 2024/04/17 18:47:12 on View. initial screen state
debug 2024/04/17 18:47:14 Initial Screen. [S] pressed.
debug 2024/04/17 18:47:14 on View. running screen state
debug 2024/04/17 18:47:15 on View. running screen state
debug 2024/04/17 18:47:16 on View. running screen state
debug 2024/04/17 18:47:19 Stopped Screen. [S] pressed.
debug 2024/04/17 18:47:29 Stopped Screen. [S] pressed.
debug 2024/04/17 18:47:33 Stopped Screen. [S] pressed.
debug 2024/04/17 19:16:16 we should not get here
debug 2024/04/17 19:22:41 we should not get here; current state 2
debug 2024/04/17 19:22:42 we should not get here; current state 2
debug 2024/04/17 19:22:43 error converting adf
